2024-09-04 20:05:30 INFO  fintech.Main - App started.
2024-09-04 20:05:30 INFO  fintech.Main - Starting JSON parsing...
2024-09-04 20:05:30 DEBUG utils.JsonUtil - Converting to XML file: D:\T-Bank2024.Fintech-Java-dev\jsonSample\city.json
2024-09-04 20:05:30 INFO  utils.JsonUtil - Successfully parsed JSON file: D:\T-Bank2024.Fintech-Java-dev\jsonSample\city.json
2024-09-04 20:05:30 DEBUG utils.JsonUtil - Converting to XML file: D:\T-Bank2024.Fintech-Java-dev\jsonSample\city-error.json
2024-09-04 20:05:30 ERROR utils.JsonUtil - Error parsing JSON file: D:\T-Bank2024.Fintech-Java-dev\jsonSample\city-error.json
com.fasterxml.jackson.core.JsonParseException: Illegal unquoted character ((CTRL-CHAR, code 10)): has to be escaped using backslash to be included in name
 at [Source: (File); line: 3, column: 11]
	at com.fasterxml.jackson.core.JsonParser._constructError(JsonParser.java:2477)
	at com.fasterxml.jackson.core.base.ParserMinimalBase._reportError(ParserMinimalBase.java:750)
	at com.fasterxml.jackson.core.base.ParserBase._throwUnquotedSpace(ParserBase.java:1374)
	at com.fasterxml.jackson.core.json.UTF8StreamJsonParser.parseEscapedName(UTF8StreamJsonParser.java:2048)
	at com.fasterxml.jackson.core.json.UTF8StreamJsonParser.parseName(UTF8StreamJsonParser.java:2019)
	at com.fasterxml.jackson.core.json.UTF8StreamJsonParser.parseMediumName(UTF8StreamJsonParser.java:1872)
	at com.fasterxml.jackson.core.json.UTF8StreamJsonParser._parseName(UTF8StreamJsonParser.java:1825)
	at com.fasterxml.jackson.core.json.UTF8StreamJsonParser.nextFieldName(UTF8StreamJsonParser.java:1081)
	at com.fasterxml.jackson.databind.deser.BeanDeserializer.vanillaDeserialize(BeanDeserializer.java:321)
	at com.fasterxml.jackson.databind.deser.BeanDeserializer.deserialize(BeanDeserializer.java:177)
	at com.fasterxml.jackson.databind.deser.DefaultDeserializationContext.readRootValue(DefaultDeserializationContext.java:323)
	at com.fasterxml.jackson.databind.ObjectMapper._readMapAndClose(ObjectMapper.java:4825)
	at com.fasterxml.jackson.databind.ObjectMapper.readValue(ObjectMapper.java:3637)
	at utils.JsonUtil.parseJsonFile(JsonUtil.java:17)
	at fintech.Main.main(Main.java:27)
2024-09-04 20:05:30 INFO  fintech.Main - Finishing JSON parsing...
2024-09-04 20:05:30 INFO  fintech.Main - Starting XML converting...
2024-09-04 20:05:30 DEBUG utils.XmlUtil - File to parse: D:\T-Bank2024.Fintech-Java-dev\xmlResult\city.xml
2024-09-04 20:05:30 INFO  utils.XmlUtil - XML successfully saved to D:\T-Bank2024.Fintech-Java-dev\xmlResult\city.xml
2024-09-04 20:05:30 DEBUG utils.XmlUtil - File to parse: D:\T-Bank2024.Fintech-Java-dev\xmlResult\city-error.xml
2024-09-04 20:05:30 WARN  utils.XmlUtil - Object is null, nothing to write to XML file: D:\T-Bank2024.Fintech-Java-dev\xmlResult\city-error.xml
2024-09-04 20:05:30 INFO  fintech.Main - Finishing XML converting...
2024-09-04 20:05:30 INFO  fintech.Main - App finished.
